[INFO ] 2019-09-30T00:43:43,540Z [main] cordapp.JarScanningCordappLoader. - Loading CorDapps from RestrictedURL(url=file:/C:/workspace/corda/samples-release-V4/timesheet-example/workflows-kotlin/build/generated-custom-cordapps/20190930-004342.247/custom-cordapp_1_4_4dde7960-cbde-4aab-8d5d-1165a0438a72.jar, rootPackageName=null), RestrictedURL(url=file:/C:/workspace/corda/samples-release-V4/timesheet-example/workflows-kotlin/build/generated-custom-cordapps/20190930-004342.247/custom-cordapp_1_4_e54721f6-c3aa-4478-937f-0f6e36cdd089.jar, rootPackageName=null) {}
[INFO ] 2019-09-30T00:43:43,633Z [main] cordapp.JarScanningCordappLoader. - Scanning CorDapp in file:/C:/workspace/corda/samples-release-V4/timesheet-example/workflows-kotlin/build/generated-custom-cordapps/20190930-004342.247/custom-cordapp_1_4_4dde7960-cbde-4aab-8d5d-1165a0438a72.jar {}
[INFO ] 2019-09-30T00:43:43,820Z [main] cordapp.JarScanningCordappLoader. - Found notary service CorDapp implementations:  {}
[INFO ] 2019-09-30T00:43:43,834Z [main] cordapp.JarScanningCordappLoader. - Scanning CorDapp in file:/C:/workspace/corda/samples-release-V4/timesheet-example/workflows-kotlin/build/generated-custom-cordapps/20190930-004342.247/custom-cordapp_1_4_e54721f6-c3aa-4478-937f-0f6e36cdd089.jar {}
[INFO ] 2019-09-30T00:43:43,875Z [main] cordapp.JarScanningCordappLoader. - Found notary service CorDapp implementations:  {}
[WARN ] 2019-09-30T00:43:43,881Z [main] cordapp.CordappResolver. - More than one CorDapp registered for net.corda.core.internal.cordapp.CordappImpl. {}
[ERROR] 2019-09-30T00:43:49,724Z [main] internal.Verifier. - Error validating transaction 3BA44BA6A28B6B232E31975BCEE860536F4FC3C8A7460B911222214F98FF264C. [errorCode=52pjo7, moreInformationAt=https://errors.corda.net/OS/4.0/52pjo7] {}
java.lang.IllegalArgumentException: Failed requirement: The candidate Name  must be greater than 8 characters long
	at com.example.contract.VotingContract.verify(VotingContract.kt:56) ~[classes/:?]
	at net.corda.core.internal.Verifier.verifyContracts(TransactionVerifierServiceInternal.kt:377) ~[corda-core-4.0.jar:?]
	at net.corda.core.internal.Verifier.verify(TransactionVerifierServiceInternal.kt:71) ~[corda-core-4.0.jar:?]
	at net.corda.core.transactions.LedgerTransaction.verify(LedgerTransaction.kt:125) ~[corda-core-4.0.jar:?]
	at net.corda.core.transactions.TransactionBuilder.addMissingDependency(TransactionBuilder.kt:173) ~[corda-core-4.0.jar:?]
	at net.corda.core.transactions.TransactionBuilder.toWireTransactionWithContext$core(TransactionBuilder.kt:160) ~[corda-core-4.0.jar:?]
	at net.corda.core.transactions.TransactionBuilder.toWireTransactionWithContext$core$default(TransactionBuilder.kt:128) ~[corda-core-4.0.jar:?]
	at net.corda.core.transactions.TransactionBuilder.toWireTransaction(TransactionBuilder.kt:125) ~[corda-core-4.0.jar:?]
	at net.corda.testing.dsl.TestTransactionDSLInterpreter.toWireTransaction$test_utils(TestDSL.kt:95) ~[corda-test-utils-4.0.jar:?]
	at net.corda.testing.dsl.TestTransactionDSLInterpreter.verifies(TestDSL.kt:139) ~[corda-test-utils-4.0.jar:?]
	at net.corda.testing.dsl.TransactionDSL.verifies(TransactionDSLInterpreter.kt) ~[corda-test-utils-4.0.jar:?]
	at com.example.test.contract.VotingContractTests$transaction must include Create command$1$1.invoke(VotingContractTests.kt:31) ~[classes/:?]
	at com.example.test.contract.VotingContractTests$transaction must include Create command$1$1.invoke(VotingContractTests.kt:13) ~[classes/:?]
	at net.corda.testing.dsl.LedgerDSL$transaction$1.invoke(LedgerDSLInterpreter.kt:141) ~[corda-test-utils-4.0.jar:?]
	at net.corda.testing.dsl.LedgerDSL$transaction$1.invoke(LedgerDSLInterpreter.kt:132) ~[corda-test-utils-4.0.jar:?]
	at net.corda.testing.dsl.TestLedgerDSLInterpreter.interpretTransactionDsl(TestDSL.kt:229) ~[corda-test-utils-4.0.jar:?]
	at net.corda.testing.dsl.TestLedgerDSLInterpreter.recordTransactionWithTransactionMap(TestDSL.kt:253) ~[corda-test-utils-4.0.jar:?]
	at net.corda.testing.dsl.TestLedgerDSLInterpreter._transaction(TestDSL.kt:289) ~[corda-test-utils-4.0.jar:?]
	at net.corda.testing.dsl.LedgerDSL._transaction(LedgerDSLInterpreter.kt) ~[corda-test-utils-4.0.jar:?]
	at net.corda.testing.dsl.LedgerDSL.transaction(LedgerDSLInterpreter.kt:141) ~[corda-test-utils-4.0.jar:?]
	at net.corda.testing.dsl.LedgerDSL.transaction$default(LedgerDSLInterpreter.kt:139) ~[corda-test-utils-4.0.jar:?]
	at com.example.test.contract.VotingContractTests$transaction must include Create command$1.invoke(VotingContractTests.kt:27) ~[classes/:?]
	at com.example.test.contract.VotingContractTests$transaction must include Create command$1.invoke(VotingContractTests.kt:13) ~[classes/:?]
	at net.corda.testing.node.NodeTestUtils$ledger$2.invoke(NodeTestUtils.kt:39) ~[corda-node-driver-4.0.jar:?]
	at net.corda.testing.node.NodeTestUtils$ledger$2.invoke(NodeTestUtils.kt) ~[corda-node-driver-4.0.jar:?]
	at net.corda.testing.internal.InternalTestUtilsKt$withTestSerializationEnvIfNotSet$1.invoke(InternalTestUtils.kt:214) ~[corda-test-utils-4.0.jar:?]
	at net.corda.testing.internal.InternalTestUtilsKt$withTestSerializationEnvIfNotSet$1.invoke(InternalTestUtils.kt) ~[corda-test-utils-4.0.jar:?]
	at net.corda.testing.common.internal.CommonSerializationTestHelpersKt.asContextEnv(CommonSerializationTestHelpers.kt:11) ~[corda-test-common-4.0.jar:?]
	at net.corda.testing.internal.InternalSerializationTestHelpersKt.asTestContextEnv(InternalSerializationTestHelpers.kt:33) ~[corda-test-utils-4.0.jar:?]
	at net.corda.testing.internal.InternalSerializationTestHelpersKt.asTestContextEnv$default(InternalSerializationTestHelpers.kt:31) ~[corda-test-utils-4.0.jar:?]
	at net.corda.testing.internal.InternalTestUtilsKt.withTestSerializationEnvIfNotSet(InternalTestUtils.kt:214) ~[corda-test-utils-4.0.jar:?]
	at net.corda.testing.node.NodeTestUtils.ledger(NodeTestUtils.kt:36) ~[corda-node-driver-4.0.jar:?]
	at net.corda.testing.node.NodeTestUtils.ledger$default(NodeTestUtils.kt:23) ~[corda-node-driver-4.0.jar:?]
	at com.example.test.contract.VotingContractTests.transaction must include Create command(VotingContractTests.kt:26) ~[classes/:?]
	at sun.reflect.NativeMethodAccessorImpl.invoke0(Native Method) ~[?:1.8.0_191]
	at sun.reflect.NativeMethodAccessorImpl.invoke(NativeMethodAccessorImpl.java:62) ~[?:1.8.0_191]
	at sun.reflect.DelegatingMethodAccessorImpl.invoke(DelegatingMethodAccessorImpl.java:43) ~[?:1.8.0_191]
	at java.lang.reflect.Method.invoke(Method.java:498) ~[?:1.8.0_191]
	at org.junit.runners.model.FrameworkMethod$1.runReflectiveCall(FrameworkMethod.java:50) ~[junit-4.12.jar:4.12]
	at org.junit.internal.runners.model.ReflectiveCallable.run(ReflectiveCallable.java:12) ~[junit-4.12.jar:4.12]
	at org.junit.runners.model.FrameworkMethod.invokeExplosively(FrameworkMethod.java:47) ~[junit-4.12.jar:4.12]
	at org.junit.internal.runners.statements.InvokeMethod.evaluate(InvokeMethod.java:17) ~[junit-4.12.jar:4.12]
	at org.junit.runners.ParentRunner.runLeaf(ParentRunner.java:325) ~[junit-4.12.jar:4.12]
	at org.junit.runners.BlockJUnit4ClassRunner.runChild(BlockJUnit4ClassRunner.java:78) ~[junit-4.12.jar:4.12]
	at org.junit.runners.BlockJUnit4ClassRunner.runChild(BlockJUnit4ClassRunner.java:57) ~[junit-4.12.jar:4.12]
	at org.junit.runners.ParentRunner$3.run(ParentRunner.java:290) ~[junit-4.12.jar:4.12]
	at org.junit.runners.ParentRunner$1.schedule(ParentRunner.java:71) ~[junit-4.12.jar:4.12]
	at org.junit.runners.ParentRunner.runChildren(ParentRunner.java:288) ~[junit-4.12.jar:4.12]
	at org.junit.runners.ParentRunner.access$000(ParentRunner.java:58) ~[junit-4.12.jar:4.12]
	at org.junit.runners.ParentRunner$2.evaluate(ParentRunner.java:268) ~[junit-4.12.jar:4.12]
	at org.junit.runners.ParentRunner.run(ParentRunner.java:363) ~[junit-4.12.jar:4.12]
	at org.junit.runner.JUnitCore.run(JUnitCore.java:137) ~[junit-4.12.jar:4.12]
	at com.intellij.junit4.JUnit4IdeaTestRunner.startRunnerWithArgs(JUnit4IdeaTestRunner.java:68) ~[junit-rt.jar:?]
	at com.intellij.rt.execution.junit.IdeaTestRunner$Repeater.startRunnerWithArgs(IdeaTestRunner.java:47) ~[junit-rt.jar:?]
	at com.intellij.rt.execution.junit.JUnitStarter.prepareStreamsAndStart(JUnitStarter.java:242) ~[junit-rt.jar:?]
	at com.intellij.rt.execution.junit.JUnitStarter.main(JUnitStarter.java:70) ~[junit-rt.jar:?]
[ERROR] 2019-09-30T00:43:49,736Z [main] internal.Verifier. - Error validating transaction 3BA44BA6A28B6B232E31975BCEE860536F4FC3C8A7460B911222214F98FF264C. [errorCode=52pjo7, moreInformationAt=https://errors.corda.net/OS/4.0/52pjo7] {}
java.lang.IllegalArgumentException: Failed requirement: The candidate Name  must be greater than 8 characters long
	at com.example.contract.VotingContract.verify(VotingContract.kt:56) ~[classes/:?]
	at net.corda.core.internal.Verifier.verifyContracts(TransactionVerifierServiceInternal.kt:377) ~[corda-core-4.0.jar:?]
	at net.corda.core.internal.Verifier.verify(TransactionVerifierServiceInternal.kt:71) ~[corda-core-4.0.jar:?]
	at net.corda.core.transactions.LedgerTransaction.verify(LedgerTransaction.kt:125) ~[corda-core-4.0.jar:?]
	at net.corda.testing.dsl.TestTransactionDSLInterpreter.verifies(TestDSL.kt:139) ~[corda-test-utils-4.0.jar:?]
	at net.corda.testing.dsl.TransactionDSL.verifies(TransactionDSLInterpreter.kt) ~[corda-test-utils-4.0.jar:?]
	at com.example.test.contract.VotingContractTests$transaction must include Create command$1$1.invoke(VotingContractTests.kt:31) ~[classes/:?]
	at com.example.test.contract.VotingContractTests$transaction must include Create command$1$1.invoke(VotingContractTests.kt:13) ~[classes/:?]
	at net.corda.testing.dsl.LedgerDSL$transaction$1.invoke(LedgerDSLInterpreter.kt:141) ~[corda-test-utils-4.0.jar:?]
	at net.corda.testing.dsl.LedgerDSL$transaction$1.invoke(LedgerDSLInterpreter.kt:132) ~[corda-test-utils-4.0.jar:?]
	at net.corda.testing.dsl.TestLedgerDSLInterpreter.interpretTransactionDsl(TestDSL.kt:229) ~[corda-test-utils-4.0.jar:?]
	at net.corda.testing.dsl.TestLedgerDSLInterpreter.recordTransactionWithTransactionMap(TestDSL.kt:253) ~[corda-test-utils-4.0.jar:?]
	at net.corda.testing.dsl.TestLedgerDSLInterpreter._transaction(TestDSL.kt:289) ~[corda-test-utils-4.0.jar:?]
	at net.corda.testing.dsl.LedgerDSL._transaction(LedgerDSLInterpreter.kt) ~[corda-test-utils-4.0.jar:?]
	at net.corda.testing.dsl.LedgerDSL.transaction(LedgerDSLInterpreter.kt:141) ~[corda-test-utils-4.0.jar:?]
	at net.corda.testing.dsl.LedgerDSL.transaction$default(LedgerDSLInterpreter.kt:139) ~[corda-test-utils-4.0.jar:?]
	at com.example.test.contract.VotingContractTests$transaction must include Create command$1.invoke(VotingContractTests.kt:27) ~[classes/:?]
	at com.example.test.contract.VotingContractTests$transaction must include Create command$1.invoke(VotingContractTests.kt:13) ~[classes/:?]
	at net.corda.testing.node.NodeTestUtils$ledger$2.invoke(NodeTestUtils.kt:39) ~[corda-node-driver-4.0.jar:?]
	at net.corda.testing.node.NodeTestUtils$ledger$2.invoke(NodeTestUtils.kt) ~[corda-node-driver-4.0.jar:?]
	at net.corda.testing.internal.InternalTestUtilsKt$withTestSerializationEnvIfNotSet$1.invoke(InternalTestUtils.kt:214) ~[corda-test-utils-4.0.jar:?]
	at net.corda.testing.internal.InternalTestUtilsKt$withTestSerializationEnvIfNotSet$1.invoke(InternalTestUtils.kt) ~[corda-test-utils-4.0.jar:?]
	at net.corda.testing.common.internal.CommonSerializationTestHelpersKt.asContextEnv(CommonSerializationTestHelpers.kt:11) ~[corda-test-common-4.0.jar:?]
	at net.corda.testing.internal.InternalSerializationTestHelpersKt.asTestContextEnv(InternalSerializationTestHelpers.kt:33) ~[corda-test-utils-4.0.jar:?]
	at net.corda.testing.internal.InternalSerializationTestHelpersKt.asTestContextEnv$default(InternalSerializationTestHelpers.kt:31) ~[corda-test-utils-4.0.jar:?]
	at net.corda.testing.internal.InternalTestUtilsKt.withTestSerializationEnvIfNotSet(InternalTestUtils.kt:214) ~[corda-test-utils-4.0.jar:?]
	at net.corda.testing.node.NodeTestUtils.ledger(NodeTestUtils.kt:36) ~[corda-node-driver-4.0.jar:?]
	at net.corda.testing.node.NodeTestUtils.ledger$default(NodeTestUtils.kt:23) ~[corda-node-driver-4.0.jar:?]
	at com.example.test.contract.VotingContractTests.transaction must include Create command(VotingContractTests.kt:26) ~[classes/:?]
	at sun.reflect.NativeMethodAccessorImpl.invoke0(Native Method) ~[?:1.8.0_191]
	at sun.reflect.NativeMethodAccessorImpl.invoke(NativeMethodAccessorImpl.java:62) ~[?:1.8.0_191]
	at sun.reflect.DelegatingMethodAccessorImpl.invoke(DelegatingMethodAccessorImpl.java:43) ~[?:1.8.0_191]
	at java.lang.reflect.Method.invoke(Method.java:498) ~[?:1.8.0_191]
	at org.junit.runners.model.FrameworkMethod$1.runReflectiveCall(FrameworkMethod.java:50) ~[junit-4.12.jar:4.12]
	at org.junit.internal.runners.model.ReflectiveCallable.run(ReflectiveCallable.java:12) ~[junit-4.12.jar:4.12]
	at org.junit.runners.model.FrameworkMethod.invokeExplosively(FrameworkMethod.java:47) ~[junit-4.12.jar:4.12]
	at org.junit.internal.runners.statements.InvokeMethod.evaluate(InvokeMethod.java:17) ~[junit-4.12.jar:4.12]
	at org.junit.runners.ParentRunner.runLeaf(ParentRunner.java:325) ~[junit-4.12.jar:4.12]
	at org.junit.runners.BlockJUnit4ClassRunner.runChild(BlockJUnit4ClassRunner.java:78) ~[junit-4.12.jar:4.12]
	at org.junit.runners.BlockJUnit4ClassRunner.runChild(BlockJUnit4ClassRunner.java:57) ~[junit-4.12.jar:4.12]
	at org.junit.runners.ParentRunner$3.run(ParentRunner.java:290) ~[junit-4.12.jar:4.12]
	at org.junit.runners.ParentRunner$1.schedule(ParentRunner.java:71) ~[junit-4.12.jar:4.12]
	at org.junit.runners.ParentRunner.runChildren(ParentRunner.java:288) ~[junit-4.12.jar:4.12]
	at org.junit.runners.ParentRunner.access$000(ParentRunner.java:58) ~[junit-4.12.jar:4.12]
	at org.junit.runners.ParentRunner$2.evaluate(ParentRunner.java:268) ~[junit-4.12.jar:4.12]
	at org.junit.runners.ParentRunner.run(ParentRunner.java:363) ~[junit-4.12.jar:4.12]
	at org.junit.runner.JUnitCore.run(JUnitCore.java:137) ~[junit-4.12.jar:4.12]
	at com.intellij.junit4.JUnit4IdeaTestRunner.startRunnerWithArgs(JUnit4IdeaTestRunner.java:68) ~[junit-rt.jar:?]
	at com.intellij.rt.execution.junit.IdeaTestRunner$Repeater.startRunnerWithArgs(IdeaTestRunner.java:47) ~[junit-rt.jar:?]
	at com.intellij.rt.execution.junit.JUnitStarter.prepareStreamsAndStart(JUnitStarter.java:242) ~[junit-rt.jar:?]
	at com.intellij.rt.execution.junit.JUnitStarter.main(JUnitStarter.java:70) ~[junit-rt.jar:?]
[INFO ] 2019-09-30T00:45:23,036Z [main] cordapp.JarScanningCordappLoader. - Loading CorDapps from RestrictedURL(url=file:/C:/workspace/corda/samples-release-V4/timesheet-example/workflows-kotlin/build/generated-custom-cordapps/20190930-004522.043/custom-cordapp_1_4_2f48ee2e-ec8d-4ccd-acfb-c1524f20cf84.jar, rootPackageName=null), RestrictedURL(url=file:/C:/workspace/corda/samples-release-V4/timesheet-example/workflows-kotlin/build/generated-custom-cordapps/20190930-004522.043/custom-cordapp_1_4_dc9993d9-bed7-4579-ba92-831acfd2cd56.jar, rootPackageName=null) {}
[INFO ] 2019-09-30T00:45:23,134Z [main] cordapp.JarScanningCordappLoader. - Scanning CorDapp in file:/C:/workspace/corda/samples-release-V4/timesheet-example/workflows-kotlin/build/generated-custom-cordapps/20190930-004522.043/custom-cordapp_1_4_2f48ee2e-ec8d-4ccd-acfb-c1524f20cf84.jar {}
[INFO ] 2019-09-30T00:45:23,243Z [main] cordapp.JarScanningCordappLoader. - Found notary service CorDapp implementations:  {}
[INFO ] 2019-09-30T00:45:23,247Z [main] cordapp.JarScanningCordappLoader. - Scanning CorDapp in file:/C:/workspace/corda/samples-release-V4/timesheet-example/workflows-kotlin/build/generated-custom-cordapps/20190930-004522.043/custom-cordapp_1_4_dc9993d9-bed7-4579-ba92-831acfd2cd56.jar {}
[INFO ] 2019-09-30T00:45:23,306Z [main] cordapp.JarScanningCordappLoader. - Found notary service CorDapp implementations:  {}
[WARN ] 2019-09-30T00:45:23,320Z [main] cordapp.CordappResolver. - More than one CorDapp registered for net.corda.core.internal.cordapp.CordappImpl. {}
[ERROR] 2019-09-30T00:45:28,960Z [main] internal.Verifier. - Error validating transaction 28844776B0CB4D68AD372576F05F62F089FC78F63E6A3F269D388C8638ABC49E. [errorCode=52pjo7, moreInformationAt=https://errors.corda.net/OS/4.0/52pjo7] {}
java.lang.IllegalArgumentException: Failed requirement: The candidate Name  must be greater than 8 characters long
	at com.example.contract.VotingContract.verify(VotingContract.kt:56) ~[classes/:?]
	at net.corda.core.internal.Verifier.verifyContracts(TransactionVerifierServiceInternal.kt:377) ~[corda-core-4.0.jar:?]
	at net.corda.core.internal.Verifier.verify(TransactionVerifierServiceInternal.kt:71) ~[corda-core-4.0.jar:?]
	at net.corda.core.transactions.LedgerTransaction.verify(LedgerTransaction.kt:125) ~[corda-core-4.0.jar:?]
	at net.corda.core.transactions.TransactionBuilder.addMissingDependency(TransactionBuilder.kt:173) ~[corda-core-4.0.jar:?]
	at net.corda.core.transactions.TransactionBuilder.toWireTransactionWithContext$core(TransactionBuilder.kt:160) ~[corda-core-4.0.jar:?]
	at net.corda.core.transactions.TransactionBuilder.toWireTransactionWithContext$core$default(TransactionBuilder.kt:128) ~[corda-core-4.0.jar:?]
	at net.corda.core.transactions.TransactionBuilder.toWireTransaction(TransactionBuilder.kt:125) ~[corda-core-4.0.jar:?]
	at net.corda.testing.dsl.TestTransactionDSLInterpreter.toWireTransaction$test_utils(TestDSL.kt:95) ~[corda-test-utils-4.0.jar:?]
	at net.corda.testing.dsl.TestTransactionDSLInterpreter.verifies(TestDSL.kt:139) ~[corda-test-utils-4.0.jar:?]
	at net.corda.testing.dsl.TransactionDSL.verifies(TransactionDSLInterpreter.kt) ~[corda-test-utils-4.0.jar:?]
	at com.example.test.contract.VotingContractTests$transaction must include Create command$1$1.invoke(VotingContractTests.kt:30) ~[classes/:?]
	at com.example.test.contract.VotingContractTests$transaction must include Create command$1$1.invoke(VotingContractTests.kt:12) ~[classes/:?]
	at net.corda.testing.dsl.LedgerDSL$transaction$1.invoke(LedgerDSLInterpreter.kt:141) ~[corda-test-utils-4.0.jar:?]
	at net.corda.testing.dsl.LedgerDSL$transaction$1.invoke(LedgerDSLInterpreter.kt:132) ~[corda-test-utils-4.0.jar:?]
	at net.corda.testing.dsl.TestLedgerDSLInterpreter.interpretTransactionDsl(TestDSL.kt:229) ~[corda-test-utils-4.0.jar:?]
	at net.corda.testing.dsl.TestLedgerDSLInterpreter.recordTransactionWithTransactionMap(TestDSL.kt:253) ~[corda-test-utils-4.0.jar:?]
	at net.corda.testing.dsl.TestLedgerDSLInterpreter._transaction(TestDSL.kt:289) ~[corda-test-utils-4.0.jar:?]
	at net.corda.testing.dsl.LedgerDSL._transaction(LedgerDSLInterpreter.kt) ~[corda-test-utils-4.0.jar:?]
	at net.corda.testing.dsl.LedgerDSL.transaction(LedgerDSLInterpreter.kt:141) ~[corda-test-utils-4.0.jar:?]
	at net.corda.testing.dsl.LedgerDSL.transaction$default(LedgerDSLInterpreter.kt:139) ~[corda-test-utils-4.0.jar:?]
	at com.example.test.contract.VotingContractTests$transaction must include Create command$1.invoke(VotingContractTests.kt:26) ~[classes/:?]
	at com.example.test.contract.VotingContractTests$transaction must include Create command$1.invoke(VotingContractTests.kt:12) ~[classes/:?]
	at net.corda.testing.node.NodeTestUtils$ledger$2.invoke(NodeTestUtils.kt:39) ~[corda-node-driver-4.0.jar:?]
	at net.corda.testing.node.NodeTestUtils$ledger$2.invoke(NodeTestUtils.kt) ~[corda-node-driver-4.0.jar:?]
	at net.corda.testing.internal.InternalTestUtilsKt$withTestSerializationEnvIfNotSet$1.invoke(InternalTestUtils.kt:214) ~[corda-test-utils-4.0.jar:?]
	at net.corda.testing.internal.InternalTestUtilsKt$withTestSerializationEnvIfNotSet$1.invoke(InternalTestUtils.kt) ~[corda-test-utils-4.0.jar:?]
	at net.corda.testing.common.internal.CommonSerializationTestHelpersKt.asContextEnv(CommonSerializationTestHelpers.kt:11) ~[corda-test-common-4.0.jar:?]
	at net.corda.testing.internal.InternalSerializationTestHelpersKt.asTestContextEnv(InternalSerializationTestHelpers.kt:33) ~[corda-test-utils-4.0.jar:?]
	at net.corda.testing.internal.InternalSerializationTestHelpersKt.asTestContextEnv$default(InternalSerializationTestHelpers.kt:31) ~[corda-test-utils-4.0.jar:?]
	at net.corda.testing.internal.InternalTestUtilsKt.withTestSerializationEnvIfNotSet(InternalTestUtils.kt:214) ~[corda-test-utils-4.0.jar:?]
	at net.corda.testing.node.NodeTestUtils.ledger(NodeTestUtils.kt:36) ~[corda-node-driver-4.0.jar:?]
	at net.corda.testing.node.NodeTestUtils.ledger$default(NodeTestUtils.kt:23) ~[corda-node-driver-4.0.jar:?]
	at com.example.test.contract.VotingContractTests.transaction must include Create command(VotingContractTests.kt:25) ~[classes/:?]
	at sun.reflect.NativeMethodAccessorImpl.invoke0(Native Method) ~[?:1.8.0_191]
	at sun.reflect.NativeMethodAccessorImpl.invoke(NativeMethodAccessorImpl.java:62) ~[?:1.8.0_191]
	at sun.reflect.DelegatingMethodAccessorImpl.invoke(DelegatingMethodAccessorImpl.java:43) ~[?:1.8.0_191]
	at java.lang.reflect.Method.invoke(Method.java:498) ~[?:1.8.0_191]
	at org.junit.runners.model.FrameworkMethod$1.runReflectiveCall(FrameworkMethod.java:50) ~[junit-4.12.jar:4.12]
	at org.junit.internal.runners.model.ReflectiveCallable.run(ReflectiveCallable.java:12) ~[junit-4.12.jar:4.12]
	at org.junit.runners.model.FrameworkMethod.invokeExplosively(FrameworkMethod.java:47) ~[junit-4.12.jar:4.12]
	at org.junit.internal.runners.statements.InvokeMethod.evaluate(InvokeMethod.java:17) ~[junit-4.12.jar:4.12]
	at org.junit.runners.ParentRunner.runLeaf(ParentRunner.java:325) ~[junit-4.12.jar:4.12]
	at org.junit.runners.BlockJUnit4ClassRunner.runChild(BlockJUnit4ClassRunner.java:78) ~[junit-4.12.jar:4.12]
	at org.junit.runners.BlockJUnit4ClassRunner.runChild(BlockJUnit4ClassRunner.java:57) ~[junit-4.12.jar:4.12]
	at org.junit.runners.ParentRunner$3.run(ParentRunner.java:290) ~[junit-4.12.jar:4.12]
	at org.junit.runners.ParentRunner$1.schedule(ParentRunner.java:71) ~[junit-4.12.jar:4.12]
	at org.junit.runners.ParentRunner.runChildren(ParentRunner.java:288) ~[junit-4.12.jar:4.12]
	at org.junit.runners.ParentRunner.access$000(ParentRunner.java:58) ~[junit-4.12.jar:4.12]
	at org.junit.runners.ParentRunner$2.evaluate(ParentRunner.java:268) ~[junit-4.12.jar:4.12]
	at org.junit.runners.ParentRunner.run(ParentRunner.java:363) ~[junit-4.12.jar:4.12]
	at org.junit.runner.JUnitCore.run(JUnitCore.java:137) ~[junit-4.12.jar:4.12]
	at com.intellij.junit4.JUnit4IdeaTestRunner.startRunnerWithArgs(JUnit4IdeaTestRunner.java:68) ~[junit-rt.jar:?]
	at com.intellij.rt.execution.junit.IdeaTestRunner$Repeater.startRunnerWithArgs(IdeaTestRunner.java:47) ~[junit-rt.jar:?]
	at com.intellij.rt.execution.junit.JUnitStarter.prepareStreamsAndStart(JUnitStarter.java:242) ~[junit-rt.jar:?]
	at com.intellij.rt.execution.junit.JUnitStarter.main(JUnitStarter.java:70) ~[junit-rt.jar:?]
[ERROR] 2019-09-30T00:45:28,971Z [main] internal.Verifier. - Error validating transaction 28844776B0CB4D68AD372576F05F62F089FC78F63E6A3F269D388C8638ABC49E. [errorCode=52pjo7, moreInformationAt=https://errors.corda.net/OS/4.0/52pjo7] {}
java.lang.IllegalArgumentException: Failed requirement: The candidate Name  must be greater than 8 characters long
	at com.example.contract.VotingContract.verify(VotingContract.kt:56) ~[classes/:?]
	at net.corda.core.internal.Verifier.verifyContracts(TransactionVerifierServiceInternal.kt:377) ~[corda-core-4.0.jar:?]
	at net.corda.core.internal.Verifier.verify(TransactionVerifierServiceInternal.kt:71) ~[corda-core-4.0.jar:?]
	at net.corda.core.transactions.LedgerTransaction.verify(LedgerTransaction.kt:125) ~[corda-core-4.0.jar:?]
	at net.corda.testing.dsl.TestTransactionDSLInterpreter.verifies(TestDSL.kt:139) ~[corda-test-utils-4.0.jar:?]
	at net.corda.testing.dsl.TransactionDSL.verifies(TransactionDSLInterpreter.kt) ~[corda-test-utils-4.0.jar:?]
	at com.example.test.contract.VotingContractTests$transaction must include Create command$1$1.invoke(VotingContractTests.kt:30) ~[classes/:?]
	at com.example.test.contract.VotingContractTests$transaction must include Create command$1$1.invoke(VotingContractTests.kt:12) ~[classes/:?]
	at net.corda.testing.dsl.LedgerDSL$transaction$1.invoke(LedgerDSLInterpreter.kt:141) ~[corda-test-utils-4.0.jar:?]
	at net.corda.testing.dsl.LedgerDSL$transaction$1.invoke(LedgerDSLInterpreter.kt:132) ~[corda-test-utils-4.0.jar:?]
	at net.corda.testing.dsl.TestLedgerDSLInterpreter.interpretTransactionDsl(TestDSL.kt:229) ~[corda-test-utils-4.0.jar:?]
	at net.corda.testing.dsl.TestLedgerDSLInterpreter.recordTransactionWithTransactionMap(TestDSL.kt:253) ~[corda-test-utils-4.0.jar:?]
	at net.corda.testing.dsl.TestLedgerDSLInterpreter._transaction(TestDSL.kt:289) ~[corda-test-utils-4.0.jar:?]
	at net.corda.testing.dsl.LedgerDSL._transaction(LedgerDSLInterpreter.kt) ~[corda-test-utils-4.0.jar:?]
	at net.corda.testing.dsl.LedgerDSL.transaction(LedgerDSLInterpreter.kt:141) ~[corda-test-utils-4.0.jar:?]
	at net.corda.testing.dsl.LedgerDSL.transaction$default(LedgerDSLInterpreter.kt:139) ~[corda-test-utils-4.0.jar:?]
	at com.example.test.contract.VotingContractTests$transaction must include Create command$1.invoke(VotingContractTests.kt:26) ~[classes/:?]
	at com.example.test.contract.VotingContractTests$transaction must include Create command$1.invoke(VotingContractTests.kt:12) ~[classes/:?]
	at net.corda.testing.node.NodeTestUtils$ledger$2.invoke(NodeTestUtils.kt:39) ~[corda-node-driver-4.0.jar:?]
	at net.corda.testing.node.NodeTestUtils$ledger$2.invoke(NodeTestUtils.kt) ~[corda-node-driver-4.0.jar:?]
	at net.corda.testing.internal.InternalTestUtilsKt$withTestSerializationEnvIfNotSet$1.invoke(InternalTestUtils.kt:214) ~[corda-test-utils-4.0.jar:?]
	at net.corda.testing.internal.InternalTestUtilsKt$withTestSerializationEnvIfNotSet$1.invoke(InternalTestUtils.kt) ~[corda-test-utils-4.0.jar:?]
	at net.corda.testing.common.internal.CommonSerializationTestHelpersKt.asContextEnv(CommonSerializationTestHelpers.kt:11) ~[corda-test-common-4.0.jar:?]
	at net.corda.testing.internal.InternalSerializationTestHelpersKt.asTestContextEnv(InternalSerializationTestHelpers.kt:33) ~[corda-test-utils-4.0.jar:?]
	at net.corda.testing.internal.InternalSerializationTestHelpersKt.asTestContextEnv$default(InternalSerializationTestHelpers.kt:31) ~[corda-test-utils-4.0.jar:?]
	at net.corda.testing.internal.InternalTestUtilsKt.withTestSerializationEnvIfNotSet(InternalTestUtils.kt:214) ~[corda-test-utils-4.0.jar:?]
	at net.corda.testing.node.NodeTestUtils.ledger(NodeTestUtils.kt:36) ~[corda-node-driver-4.0.jar:?]
	at net.corda.testing.node.NodeTestUtils.ledger$default(NodeTestUtils.kt:23) ~[corda-node-driver-4.0.jar:?]
	at com.example.test.contract.VotingContractTests.transaction must include Create command(VotingContractTests.kt:25) ~[classes/:?]
	at sun.reflect.NativeMethodAccessorImpl.invoke0(Native Method) ~[?:1.8.0_191]
	at sun.reflect.NativeMethodAccessorImpl.invoke(NativeMethodAccessorImpl.java:62) ~[?:1.8.0_191]
	at sun.reflect.DelegatingMethodAccessorImpl.invoke(DelegatingMethodAccessorImpl.java:43) ~[?:1.8.0_191]
	at java.lang.reflect.Method.invoke(Method.java:498) ~[?:1.8.0_191]
	at org.junit.runners.model.FrameworkMethod$1.runReflectiveCall(FrameworkMethod.java:50) ~[junit-4.12.jar:4.12]
	at org.junit.internal.runners.model.ReflectiveCallable.run(ReflectiveCallable.java:12) ~[junit-4.12.jar:4.12]
	at org.junit.runners.model.FrameworkMethod.invokeExplosively(FrameworkMethod.java:47) ~[junit-4.12.jar:4.12]
	at org.junit.internal.runners.statements.InvokeMethod.evaluate(InvokeMethod.java:17) ~[junit-4.12.jar:4.12]
	at org.junit.runners.ParentRunner.runLeaf(ParentRunner.java:325) ~[junit-4.12.jar:4.12]
	at org.junit.runners.BlockJUnit4ClassRunner.runChild(BlockJUnit4ClassRunner.java:78) ~[junit-4.12.jar:4.12]
	at org.junit.runners.BlockJUnit4ClassRunner.runChild(BlockJUnit4ClassRunner.java:57) ~[junit-4.12.jar:4.12]
	at org.junit.runners.ParentRunner$3.run(ParentRunner.java:290) ~[junit-4.12.jar:4.12]
	at org.junit.runners.ParentRunner$1.schedule(ParentRunner.java:71) ~[junit-4.12.jar:4.12]
	at org.junit.runners.ParentRunner.runChildren(ParentRunner.java:288) ~[junit-4.12.jar:4.12]
	at org.junit.runners.ParentRunner.access$000(ParentRunner.java:58) ~[junit-4.12.jar:4.12]
	at org.junit.runners.ParentRunner$2.evaluate(ParentRunner.java:268) ~[junit-4.12.jar:4.12]
	at org.junit.runners.ParentRunner.run(ParentRunner.java:363) ~[junit-4.12.jar:4.12]
	at org.junit.runner.JUnitCore.run(JUnitCore.java:137) ~[junit-4.12.jar:4.12]
	at com.intellij.junit4.JUnit4IdeaTestRunner.startRunnerWithArgs(JUnit4IdeaTestRunner.java:68) ~[junit-rt.jar:?]
	at com.intellij.rt.execution.junit.IdeaTestRunner$Repeater.startRunnerWithArgs(IdeaTestRunner.java:47) ~[junit-rt.jar:?]
	at com.intellij.rt.execution.junit.JUnitStarter.prepareStreamsAndStart(JUnitStarter.java:242) ~[junit-rt.jar:?]
	at com.intellij.rt.execution.junit.JUnitStarter.main(JUnitStarter.java:70) ~[junit-rt.jar:?]
[INFO ] 2019-09-30T00:46:01,977Z [main] cordapp.JarScanningCordappLoader. - Loading CorDapps from RestrictedURL(url=file:/C:/workspace/corda/samples-release-V4/timesheet-example/workflows-kotlin/build/generated-custom-cordapps/20190930-004600.927/custom-cordapp_1_4_60f569ec-2bcd-4eae-ae8f-60d1a7612957.jar, rootPackageName=null), RestrictedURL(url=file:/C:/workspace/corda/samples-release-V4/timesheet-example/workflows-kotlin/build/generated-custom-cordapps/20190930-004600.927/custom-cordapp_1_4_132b1cd8-e64b-4b4f-840f-8df3b4d38ae6.jar, rootPackageName=null) {}
[INFO ] 2019-09-30T00:46:02,078Z [main] cordapp.JarScanningCordappLoader. - Scanning CorDapp in file:/C:/workspace/corda/samples-release-V4/timesheet-example/workflows-kotlin/build/generated-custom-cordapps/20190930-004600.927/custom-cordapp_1_4_60f569ec-2bcd-4eae-ae8f-60d1a7612957.jar {}
[INFO ] 2019-09-30T00:46:02,251Z [main] cordapp.JarScanningCordappLoader. - Found notary service CorDapp implementations:  {}
[INFO ] 2019-09-30T00:46:02,265Z [main] cordapp.JarScanningCordappLoader. - Scanning CorDapp in file:/C:/workspace/corda/samples-release-V4/timesheet-example/workflows-kotlin/build/generated-custom-cordapps/20190930-004600.927/custom-cordapp_1_4_132b1cd8-e64b-4b4f-840f-8df3b4d38ae6.jar {}
[INFO ] 2019-09-30T00:46:02,305Z [main] cordapp.JarScanningCordappLoader. - Found notary service CorDapp implementations:  {}
[WARN ] 2019-09-30T00:46:02,309Z [main] cordapp.CordappResolver. - More than one CorDapp registered for net.corda.core.internal.cordapp.CordappImpl. {}
[INFO ] 2019-09-30T00:53:44,942Z [main] cordapp.JarScanningCordappLoader. - Loading CorDapps from RestrictedURL(url=file:/C:/workspace/corda/samples-release-V4/timesheet-example/workflows-kotlin/build/generated-custom-cordapps/20190930-005343.849/custom-cordapp_1_4_cc89dff2-78ce-4197-925f-c4bb8343b7b0.jar, rootPackageName=null), RestrictedURL(url=file:/C:/workspace/corda/samples-release-V4/timesheet-example/workflows-kotlin/build/generated-custom-cordapps/20190930-005343.849/custom-cordapp_1_4_c2edb22c-2bb2-4cb1-a160-cec0afee152a.jar, rootPackageName=null) {}
[INFO ] 2019-09-30T00:53:45,083Z [main] cordapp.JarScanningCordappLoader. - Scanning CorDapp in file:/C:/workspace/corda/samples-release-V4/timesheet-example/workflows-kotlin/build/generated-custom-cordapps/20190930-005343.849/custom-cordapp_1_4_cc89dff2-78ce-4197-925f-c4bb8343b7b0.jar {}
[INFO ] 2019-09-30T00:53:45,241Z [main] cordapp.JarScanningCordappLoader. - Found notary service CorDapp implementations:  {}
[INFO ] 2019-09-30T00:53:45,248Z [main] cordapp.JarScanningCordappLoader. - Scanning CorDapp in file:/C:/workspace/corda/samples-release-V4/timesheet-example/workflows-kotlin/build/generated-custom-cordapps/20190930-005343.849/custom-cordapp_1_4_c2edb22c-2bb2-4cb1-a160-cec0afee152a.jar {}
[INFO ] 2019-09-30T00:53:45,335Z [main] cordapp.JarScanningCordappLoader. - Found notary service CorDapp implementations:  {}
[WARN ] 2019-09-30T00:53:45,343Z [main] cordapp.CordappResolver. - More than one CorDapp registered for net.corda.core.internal.cordapp.CordappImpl. {}
[INFO ] 2019-09-30T00:58:27,643Z [main] cordapp.JarScanningCordappLoader. - Loading CorDapps from RestrictedURL(url=file:/C:/workspace/corda/samples-release-V4/timesheet-example/workflows-kotlin/build/generated-custom-cordapps/20190930-005826.412/custom-cordapp_1_4_a8babef7-a734-4b01-b56e-c8b3c1f6f983.jar, rootPackageName=null), RestrictedURL(url=file:/C:/workspace/corda/samples-release-V4/timesheet-example/workflows-kotlin/build/generated-custom-cordapps/20190930-005826.412/custom-cordapp_1_4_cefc8e49-dc9d-4623-a7dd-5c6af8eb1f9c.jar, rootPackageName=null) {}
[INFO ] 2019-09-30T00:58:27,742Z [main] cordapp.JarScanningCordappLoader. - Scanning CorDapp in file:/C:/workspace/corda/samples-release-V4/timesheet-example/workflows-kotlin/build/generated-custom-cordapps/20190930-005826.412/custom-cordapp_1_4_a8babef7-a734-4b01-b56e-c8b3c1f6f983.jar {}
[INFO ] 2019-09-30T00:58:27,861Z [main] cordapp.JarScanningCordappLoader. - Found notary service CorDapp implementations:  {}
[INFO ] 2019-09-30T00:58:27,865Z [main] cordapp.JarScanningCordappLoader. - Scanning CorDapp in file:/C:/workspace/corda/samples-release-V4/timesheet-example/workflows-kotlin/build/generated-custom-cordapps/20190930-005826.412/custom-cordapp_1_4_cefc8e49-dc9d-4623-a7dd-5c6af8eb1f9c.jar {}
[INFO ] 2019-09-30T00:58:27,934Z [main] cordapp.JarScanningCordappLoader. - Found notary service CorDapp implementations:  {}
[WARN ] 2019-09-30T00:58:27,939Z [main] cordapp.CordappResolver. - More than one CorDapp registered for net.corda.core.internal.cordapp.CordappImpl. {}
[INFO ] 2019-09-30T00:58:33,163Z [main] cordapp.JarScanningCordappLoader. - Loading CorDapps from RestrictedURL(url=file:/C:/workspace/corda/samples-release-V4/timesheet-example/workflows-kotlin/build/generated-custom-cordapps/20190930-005826.412/custom-cordapp_1_4_a8babef7-a734-4b01-b56e-c8b3c1f6f983.jar, rootPackageName=null), RestrictedURL(url=file:/C:/workspace/corda/samples-release-V4/timesheet-example/workflows-kotlin/build/generated-custom-cordapps/20190930-005826.412/custom-cordapp_1_4_cefc8e49-dc9d-4623-a7dd-5c6af8eb1f9c.jar, rootPackageName=null) {}
[INFO ] 2019-09-30T00:58:33,164Z [main] cordapp.JarScanningCordappLoader. - Scanning CorDapp in file:/C:/workspace/corda/samples-release-V4/timesheet-example/workflows-kotlin/build/generated-custom-cordapps/20190930-005826.412/custom-cordapp_1_4_a8babef7-a734-4b01-b56e-c8b3c1f6f983.jar {}
[INFO ] 2019-09-30T00:58:33,199Z [main] cordapp.JarScanningCordappLoader. - Found notary service CorDapp implementations:  {}
[INFO ] 2019-09-30T00:58:33,199Z [main] cordapp.JarScanningCordappLoader. - Scanning CorDapp in file:/C:/workspace/corda/samples-release-V4/timesheet-example/workflows-kotlin/build/generated-custom-cordapps/20190930-005826.412/custom-cordapp_1_4_cefc8e49-dc9d-4623-a7dd-5c6af8eb1f9c.jar {}
[INFO ] 2019-09-30T00:58:33,248Z [main] cordapp.JarScanningCordappLoader. - Found notary service CorDapp implementations:  {}
[INFO ] 2019-09-30T00:59:09,270Z [main] cordapp.JarScanningCordappLoader. - Loading CorDapps from RestrictedURL(url=file:/C:/workspace/corda/samples-release-V4/timesheet-example/workflows-kotlin/build/generated-custom-cordapps/20190930-005908.255/custom-cordapp_1_4_4ba094d0-d195-46ac-8fd6-e194e060ad94.jar, rootPackageName=null), RestrictedURL(url=file:/C:/workspace/corda/samples-release-V4/timesheet-example/workflows-kotlin/build/generated-custom-cordapps/20190930-005908.255/custom-cordapp_1_4_4e0bfede-f386-4c88-ba63-a1f51b80c1ff.jar, rootPackageName=null) {}
[INFO ] 2019-09-30T00:59:09,385Z [main] cordapp.JarScanningCordappLoader. - Scanning CorDapp in file:/C:/workspace/corda/samples-release-V4/timesheet-example/workflows-kotlin/build/generated-custom-cordapps/20190930-005908.255/custom-cordapp_1_4_4ba094d0-d195-46ac-8fd6-e194e060ad94.jar {}
[INFO ] 2019-09-30T00:59:09,500Z [main] cordapp.JarScanningCordappLoader. - Found notary service CorDapp implementations:  {}
[INFO ] 2019-09-30T00:59:09,504Z [main] cordapp.JarScanningCordappLoader. - Scanning CorDapp in file:/C:/workspace/corda/samples-release-V4/timesheet-example/workflows-kotlin/build/generated-custom-cordapps/20190930-005908.255/custom-cordapp_1_4_4e0bfede-f386-4c88-ba63-a1f51b80c1ff.jar {}
[INFO ] 2019-09-30T00:59:09,557Z [main] cordapp.JarScanningCordappLoader. - Found notary service CorDapp implementations:  {}
[WARN ] 2019-09-30T00:59:09,573Z [main] cordapp.CordappResolver. - More than one CorDapp registered for net.corda.core.internal.cordapp.CordappImpl. {}
